<?xml version="1.0" encoding="UTF-8"?>
<testsuite xmlns:xsi="http://www.w3.org/2001/XMLSchema-instance" xsi:noNamespaceSchemaLocation="https://maven.apache.org/surefire/maven-surefire-plugin/xsd/surefire-test-report.xsd" name="sg.flooringmastery.service.FlooringMasteryServiceFileImplTest" time="0.35" tests="12" errors="0" skipped="0" failures="0">
  <properties>
    <property name="java.specification.version" value="18"/>
    <property name="sun.jnu.encoding" value="UTF-8"/>
    <property name="java.class.path" value="/Users/garrettkrohn/Desktop/Side_Projects/Java_Bootcamp/online-java-2021-garrettkrohn/Summatives/m5-summative/FlooringMastery/target/test-classes:/Users/garrettkrohn/Desktop/Side_Projects/Java_Bootcamp/online-java-2021-garrettkrohn/Summatives/m5-summative/FlooringMastery/target/classes:/Users/garrettkrohn/.m2/repository/org/springframework/spring-context/4.3.4.RELEASE/spring-context-4.3.4.RELEASE.jar:/Users/garrettkrohn/.m2/repository/org/springframework/spring-aop/4.3.4.RELEASE/spring-aop-4.3.4.RELEASE.jar:/Users/garrettkrohn/.m2/repository/org/springframework/spring-beans/4.3.4.RELEASE/spring-beans-4.3.4.RELEASE.jar:/Users/garrettkrohn/.m2/repository/org/springframework/spring-core/4.3.4.RELEASE/spring-core-4.3.4.RELEASE.jar:/Users/garrettkrohn/.m2/repository/commons-logging/commons-logging/1.2/commons-logging-1.2.jar:/Users/garrettkrohn/.m2/repository/org/springframework/spring-expression/4.3.4.RELEASE/spring-expression-4.3.4.RELEASE.jar:/Users/garrettkrohn/.m2/repository/org/junit/jupiter/junit-jupiter-api/5.6.0/junit-jupiter-api-5.6.0.jar:/Users/garrettkrohn/.m2/repository/org/apiguardian/apiguardian-api/1.1.0/apiguardian-api-1.1.0.jar:/Users/garrettkrohn/.m2/repository/org/opentest4j/opentest4j/1.2.0/opentest4j-1.2.0.jar:/Users/garrettkrohn/.m2/repository/org/junit/platform/junit-platform-commons/1.6.0/junit-platform-commons-1.6.0.jar:/Users/garrettkrohn/.m2/repository/org/junit/jupiter/junit-jupiter-params/5.6.0/junit-jupiter-params-5.6.0.jar:/Users/garrettkrohn/.m2/repository/org/junit/jupiter/junit-jupiter-engine/5.6.0/junit-jupiter-engine-5.6.0.jar:/Users/garrettkrohn/.m2/repository/org/junit/platform/junit-platform-engine/1.6.0/junit-platform-engine-1.6.0.jar:/Users/garrettkrohn/.m2/repository/org/junit/platform/junit-platform-console-standalone/1.8.0-M1/junit-platform-console-standalone-1.8.0-M1.jar:"/>
    <property name="java.vm.vendor" value="Oracle Corporation"/>
    <property name="sun.arch.data.model" value="64"/>
    <property name="java.vendor.url" value="https://java.oracle.com/"/>
    <property name="os.name" value="Mac OS X"/>
    <property name="java.vm.specification.version" value="18"/>
    <property name="user.country" value="US"/>
    <property name="sun.java.launcher" value="SUN_STANDARD"/>
    <property name="sun.boot.library.path" value="/Library/Java/JavaVirtualMachines/jdk-18.0.1.1.jdk/Contents/Home/lib"/>
    <property name="sun.java.command" value="/Users/garrettkrohn/Desktop/Side_Projects/Java_Bootcamp/online-java-2021-garrettkrohn/Summatives/m5-summative/FlooringMastery/target/surefire/surefirebooter3727075616272582986.jar /Users/garrettkrohn/Desktop/Side_Projects/Java_Bootcamp/online-java-2021-garrettkrohn/Summatives/m5-summative/FlooringMastery/target/surefire 2022-05-29T09-15-29_091-jvmRun1 surefire11289361026582117407tmp surefire_010475021098667271159tmp"/>
    <property name="http.nonProxyHosts" value="local|*.local|169.254/16|*.169.254/16"/>
    <property name="jdk.debug" value="release"/>
    <property name="test" value="sg.flooringmastery.service.FlooringMasteryServiceFileImplTest"/>
    <property name="surefire.test.class.path" value="/Users/garrettkrohn/Desktop/Side_Projects/Java_Bootcamp/online-java-2021-garrettkrohn/Summatives/m5-summative/FlooringMastery/target/test-classes:/Users/garrettkrohn/Desktop/Side_Projects/Java_Bootcamp/online-java-2021-garrettkrohn/Summatives/m5-summative/FlooringMastery/target/classes:/Users/garrettkrohn/.m2/repository/org/springframework/spring-context/4.3.4.RELEASE/spring-context-4.3.4.RELEASE.jar:/Users/garrettkrohn/.m2/repository/org/springframework/spring-aop/4.3.4.RELEASE/spring-aop-4.3.4.RELEASE.jar:/Users/garrettkrohn/.m2/repository/org/springframework/spring-beans/4.3.4.RELEASE/spring-beans-4.3.4.RELEASE.jar:/Users/garrettkrohn/.m2/repository/org/springframework/spring-core/4.3.4.RELEASE/spring-core-4.3.4.RELEASE.jar:/Users/garrettkrohn/.m2/repository/commons-logging/commons-logging/1.2/commons-logging-1.2.jar:/Users/garrettkrohn/.m2/repository/org/springframework/spring-expression/4.3.4.RELEASE/spring-expression-4.3.4.RELEASE.jar:/Users/garrettkrohn/.m2/repository/org/junit/jupiter/junit-jupiter-api/5.6.0/junit-jupiter-api-5.6.0.jar:/Users/garrettkrohn/.m2/repository/org/apiguardian/apiguardian-api/1.1.0/apiguardian-api-1.1.0.jar:/Users/garrettkrohn/.m2/repository/org/opentest4j/opentest4j/1.2.0/opentest4j-1.2.0.jar:/Users/garrettkrohn/.m2/repository/org/junit/platform/junit-platform-commons/1.6.0/junit-platform-commons-1.6.0.jar:/Users/garrettkrohn/.m2/repository/org/junit/jupiter/junit-jupiter-params/5.6.0/junit-jupiter-params-5.6.0.jar:/Users/garrettkrohn/.m2/repository/org/junit/jupiter/junit-jupiter-engine/5.6.0/junit-jupiter-engine-5.6.0.jar:/Users/garrettkrohn/.m2/repository/org/junit/platform/junit-platform-engine/1.6.0/junit-platform-engine-1.6.0.jar:/Users/garrettkrohn/.m2/repository/org/junit/platform/junit-platform-console-standalone/1.8.0-M1/junit-platform-console-standalone-1.8.0-M1.jar:"/>
    <property name="sun.cpu.endian" value="little"/>
    <property name="user.home" value="/Users/garrettkrohn"/>
    <property name="user.language" value="en"/>
    <property name="java.specification.vendor" value="Oracle Corporation"/>
    <property name="java.version.date" value="2022-04-22"/>
    <property name="java.home" value="/Library/Java/JavaVirtualMachines/jdk-18.0.1.1.jdk/Contents/Home"/>
    <property name="file.separator" value="/"/>
    <property name="basedir" value="/Users/garrettkrohn/Desktop/Side_Projects/Java_Bootcamp/online-java-2021-garrettkrohn/Summatives/m5-summative/FlooringMastery"/>
    <property name="java.vm.compressedOopsMode" value="Zero based"/>
    <property name="line.separator" value="&#10;"/>
    <property name="java.vm.specification.vendor" value="Oracle Corporation"/>
    <property name="java.specification.name" value="Java Platform API Specification"/>
    <property name="apple.awt.application.name" value="ForkedBooter"/>
    <property name="surefire.real.class.path" value="/Users/garrettkrohn/Desktop/Side_Projects/Java_Bootcamp/online-java-2021-garrettkrohn/Summatives/m5-summative/FlooringMastery/target/surefire/surefirebooter3727075616272582986.jar"/>
    <property name="sun.management.compiler" value="HotSpot 64-Bit Tiered Compilers"/>
    <property name="ftp.nonProxyHosts" value="local|*.local|169.254/16|*.169.254/16"/>
    <property name="java.runtime.version" value="18.0.1.1+2-6"/>
    <property name="user.name" value="garrettkrohn"/>
    <property name="path.separator" value=":"/>
    <property name="os.version" value="11.2.3"/>
    <property name="java.runtime.name" value="Java(TM) SE Runtime Environment"/>
    <property name="file.encoding" value="UTF-8"/>
    <property name="java.vm.name" value="Java HotSpot(TM) 64-Bit Server VM"/>
    <property name="maven.ext.class.path" value="/Applications/NetBeans/Apache NetBeans 13.app/Contents/Resources/NetBeans/netbeans/java/maven-nblib/netbeans-eventspy.jar:/Applications/NetBeans/Apache NetBeans 13.app/Contents/Resources/NetBeans/netbeans/java/maven-nblib/netbeans-eventspy.jar"/>
    <property name="localRepository" value="/Users/garrettkrohn/.m2/repository"/>
    <property name="java.vendor.url.bug" value="https://bugreport.java.com/bugreport/"/>
    <property name="java.io.tmpdir" value="/var/folders/sm/5nj_4m2n7t79md3n917n9x8h0000gn/T/"/>
    <property name="java.version" value="18.0.1.1"/>
    <property name="user.dir" value="/Users/garrettkrohn/Desktop/Side_Projects/Java_Bootcamp/online-java-2021-garrettkrohn/Summatives/m5-summative/FlooringMastery"/>
    <property name="os.arch" value="x86_64"/>
    <property name="java.vm.specification.name" value="Java Virtual Machine Specification"/>
    <property name="native.encoding" value="UTF-8"/>
    <property name="java.library.path" value="/Users/garrettkrohn/Library/Java/Extensions:/Library/Java/Extensions:/Network/Library/Java/Extensions:/System/Library/Java/Extensions:/usr/lib/java:."/>
    <property name="java.vm.info" value="mixed mode, sharing"/>
    <property name="java.vendor" value="Oracle Corporation"/>
    <property name="java.vm.version" value="18.0.1.1+2-6"/>
    <property name="sun.io.unicode.encoding" value="UnicodeBig"/>
    <property name="socksNonProxyHosts" value="local|*.local|169.254/16|*.169.254/16"/>
    <property name="java.class.version" value="62.0"/>
  </properties>
  <testcase name="testDeleteOrder" classname="sg.flooringmastery.service.FlooringMasteryServiceFileImplTest" time="0.185"/>
  <testcase name="testEditOrder" classname="sg.flooringmastery.service.FlooringMasteryServiceFileImplTest" time="0.022"/>
  <testcase name="testGetProductObjectFromListWithString" classname="sg.flooringmastery.service.FlooringMasteryServiceFileImplTest" time="0.017"/>
  <testcase name="testValidateStateWithStringListFalse" classname="sg.flooringmastery.service.FlooringMasteryServiceFileImplTest" time="0.018"/>
  <testcase name="testValidateProduct" classname="sg.flooringmastery.service.FlooringMasteryServiceFileImplTest" time="0.015"/>
  <testcase name="testGetTaxesObjectFromListWithString" classname="sg.flooringmastery.service.FlooringMasteryServiceFileImplTest" time="0.014"/>
  <testcase name="testDisplayOrders" classname="sg.flooringmastery.service.FlooringMasteryServiceFileImplTest" time="0.013"/>
  <testcase name="testValidateStateWithStringListTrue" classname="sg.flooringmastery.service.FlooringMasteryServiceFileImplTest" time="0.012"/>
  <testcase name="testConvertStringToDate" classname="sg.flooringmastery.service.FlooringMasteryServiceFileImplTest" time="0.013"/>
  <testcase name="testOrderDateFutureCheckPass" classname="sg.flooringmastery.service.FlooringMasteryServiceFileImplTest" time="0.012"/>
  <testcase name="testConvertDateToString" classname="sg.flooringmastery.service.FlooringMasteryServiceFileImplTest" time="0.01"/>
  <testcase name="testValidateName" classname="sg.flooringmastery.service.FlooringMasteryServiceFileImplTest" time="0.011"/>
</testsuite>